
> portfolio-frontend@1.0.0 build
> next build

▲ Next.js 16.1.6 (Turbopack)

  Creating an optimized production build ...
✓ Compiled successfully in 31.4s
  Running TypeScript ...
  Collecting page data using 3 workers ...
  Generating static pages using 3 workers (0/7) ...
  Generating static pages using 3 workers (1/7) 
  Generating static pages using 3 workers (3/7) 
  Generating static pages using 3 workers (5/7) 
✓ Generating static pages using 3 workers (7/7) in 597.0ms
  Finalizing page optimization ...

Route (app)
┌ ○ /
├ ○ /_not-found
├ ○ /lab
├ ○ /projects
├ ○ /robots.txt
└ ○ /sitemap.xml


○  (Static)  prerendered as static content

